============================================================================================================================================
Table Name: global		 Parent Name: None
============================================================================================================================================
Name                Type                                    Initial Value       Offset              Size                Child               

main                function                                                    0                   4                   main                
--------------------------------------------------------------------------------------------------------------------------------------------


============================================================================================================================================
Table Name: main		 Parent Name: global
============================================================================================================================================
Name                Type                                    Initial Value       Offset              Size                Child               

i                   int                                                         0                   4                   NULL                
j                   int                                                         4                   4                   NULL                
k                   int                                                         8                   4                   NULL                
l                   int                                                         12                  4                   NULL                
main_0              block                                                       16                  4                   main_0              
return              int                                                         20                  4                   NULL                
t0                  int                                     0                   24                  4                   NULL                
--------------------------------------------------------------------------------------------------------------------------------------------


============================================================================================================================================
Table Name: main_0		 Parent Name: main
============================================================================================================================================
Name                Type                                    Initial Value       Offset              Size                Child               

--------------------------------------------------------------------------------------------------------------------------------------------


1   : main
2   : 	if i < j goto 4
3   : 	goto 23
4   : 	if k > l goto 6
5   : 	goto 23
6   : main_0
7   : 	j = i
8   : 	l = k
9   : 	if i <= l goto 13
10  : 	goto 11
11  : 	if j >= k goto 13
12  : 	goto 15
13  : 	j = k
14  : 	goto 23
15  : 	if i == j goto 17
16  : 	goto 21
17  : 	if k != l goto 19
18  : 	goto 21
19  : 	i = l
20  : 	goto 23
21  : 	i = k
22  : 	goto 23
23  : 	t0 = 0
24  : 	return t0
