============================================================================================================================================
Table Name: global		 Parent Name: None
============================================================================================================================================
Name                Type                                    Initial Value       Offset              Size                Child               

binpow              function                                                    0                   4                   binpow              
gcd                 function                                                    4                   4                   gcd                 
main                function                                                    8                   4                   main                
mod                 int                                                         12                  4                   NULL                
--------------------------------------------------------------------------------------------------------------------------------------------


============================================================================================================================================
Table Name: binpow		 Parent Name: global
============================================================================================================================================
Name                Type                                    Initial Value       Offset              Size                Child               

a                   int                                                         0                   4                   NULL                
ans                 int                                     1                   4                   4                   NULL                
b                   int                                                         8                   4                   NULL                
binpow_0            block                                                       12                  4                   binpow_0            
return              int                                                         16                  4                   NULL                
t0                  int                                     1                   20                  4                   NULL                
t1                  int                                     0                   24                  4                   NULL                
--------------------------------------------------------------------------------------------------------------------------------------------


============================================================================================================================================
Table Name: binpow_0		 Parent Name: binpow
============================================================================================================================================
Name                Type                                    Initial Value       Offset              Size                Child               

t10                 int                                                         0                   4                   NULL                
t2                  int                                     1                   4                   4                   NULL                
t3                  int                                                         8                   4                   NULL                
t4                  int                                     0                   12                  4                   NULL                
t5                  int                                                         16                  4                   NULL                
t6                  int                                                         20                  4                   NULL                
t7                  int                                                         24                  4                   NULL                
t8                  int                                                         28                  4                   NULL                
t9                  int                                     1                   32                  4                   NULL                
--------------------------------------------------------------------------------------------------------------------------------------------


============================================================================================================================================
Table Name: gcd		 Parent Name: global
============================================================================================================================================
Name                Type                                    Initial Value       Offset              Size                Child               

a                   int                                                         0                   4                   NULL                
b                   int                                                         4                   4                   NULL                
return              int                                                         8                   4                   NULL                
t11                 int                                     0                   12                  4                   NULL                
t12                 int                                                         16                  4                   NULL                
t13                 int                                                         20                  4                   NULL                
--------------------------------------------------------------------------------------------------------------------------------------------


============================================================================================================================================
Table Name: main		 Parent Name: global
============================================================================================================================================
Name                Type                                    Initial Value       Offset              Size                Child               

a                   int                                     9                   0                   4                   NULL                
b                   int                                     3                   4                   4                   NULL                
return              int                                                         8                   4                   NULL                
t14                 int                                     9                   12                  4                   NULL                
t15                 int                                     3                   16                  4                   NULL                
t16                 int                                                         20                  4                   NULL                
t17                 int                                                         24                  4                   NULL                
t18                 int                                                         28                  4                   NULL                
t19                 int                                     0                   32                  4                   NULL                
--------------------------------------------------------------------------------------------------------------------------------------------


1   : binpow
2   : 	t0 = 1
3   : 	ans = t0
4   : 	t1 = 0
5   : 	if b != t1 goto 7
6   : 	goto 24
7   : binpow_0
8   : 	t2 = 1
9   : 	t3 = b & t2
10  : 	t4 = 0
11  : 	if t3 != t4 goto 13
12  : 	goto 17
13  : 	t5 = ans * a
14  : 	t6 = t5 % mod
15  : 	ans = t6
16  : 	goto 17
17  : 	t7 = a * a
18  : 	t8 = t7 % mod
19  : 	a = t8
20  : 	t9 = 1
21  : 	t10 = b >> t9
22  : 	b = t10
23  : 	goto 4
24  : 	return ans
25  : gcd
26  : 	t11 = 0
27  : 	if b == t11 goto 29
28  : 	goto 31
29  : 	return a
30  : 	goto 31
31  : 	param b
32  : 	t12 = a % b
33  : 	param t12
34  : 	t13 = call gcd, 2
35  : 	return t13
36  : main
37  : 	t14 = 9
38  : 	a = t14
39  : 	t15 = 3
40  : 	b = t15
41  : 	param a
42  : 	param b
43  : 	t16 = call gcd, 2
44  : 	a = a + 1
45  : 	param a
46  : 	t17 = b
47  : 	b = b + 1
48  : 	param t17
49  : 	t18 = call binpow, 2
50  : 	t19 = 0
51  : 	return t19
