============================================================================================================================================
Table Name: global		 Parent Name: None
============================================================================================================================================
Name                Type                                    Initial Value       Offset              Size                Child               

foo                 function                                                    0                   0                   foo                 
g1                  int                                                         0                   4                   NULL                
g2                  int                                                         4                   4                   NULL                
g3                  char                                    'a'                 8                   1                   NULL                
main                function                                                    9                   4                   main                
t0                  char                                    'a'                 13                  1                   NULL                
--------------------------------------------------------------------------------------------------------------------------------------------


============================================================================================================================================
Table Name: foo		 Parent Name: global
============================================================================================================================================
Name                Type                                    Initial Value       Offset              Size                Child               

a                   int                                                         0                   4                   NULL                
b                   int                                                         4                   4                   NULL                
i                   int                                                         8                   4                   NULL                
t1                  int                                                         12                  4                   NULL                
--------------------------------------------------------------------------------------------------------------------------------------------


============================================================================================================================================
Table Name: main		 Parent Name: global
============================================================================================================================================
Name                Type                                    Initial Value       Offset              Size                Child               

c1                  char                                                        0                   1                   NULL                
c2                  array(80, char)                                             1                   80                  NULL                
f1                  float                                   2.3                 81                  8                   NULL                
f2                  float                                                       89                  8                   NULL                
n1                  int                                                         97                  4                   NULL                
n2                  int                                     10                  101                 4                   NULL                
n3                  ptr(int)                                                    105                 4                   NULL                
return              int                                                         109                 4                   NULL                
str1                ptr(char)                               "Hello World"       113                 4                   NULL                
str2                ptr(char)                                                   117                 4                   NULL                
t2                  float                                   2.3                 121                 8                   NULL                
t3                  int                                     10                  129                 4                   NULL                
t4                  int                                     80                  133                 4                   NULL                
t5                  ptr(char)                               "Hello World"       137                 4                   NULL                
t6                  int                                                         141                 4                   NULL                
t7                  int                                     22                  145                 4                   NULL                
t8                  int                                                         149                 4                   NULL                
t9                  int                                     0                   153                 4                   NULL                
--------------------------------------------------------------------------------------------------------------------------------------------


1   : 	t0 = 'a'
2   : 	g3 = t0
3   : foo
4   : foo
5   : 	t1 = a + b
6   : 	i = t1
7   : 	return 
8   : main
9   : 	t2 = 2.3
10  : 	f1 = t2
11  : 	t3 = 10
12  : 	n2 = t3
13  : 	t4 = 80
14  : 	str1 = t5
15  : 	f1 = f2
16  : 	t6 = Float_TO_Int(f2)
17  : 	n2 = t6
18  : 	n1 = t6
19  : 	t7 = 22
20  : 	t8 = t7 * 1
21  : 	c2[t8] = c1
22  : 	t9 = 0
23  : 	return t9
