============================================================================================================================================
Table Name: global		 Parent Name: None
============================================================================================================================================
Name                Type                                    Initial Value       Offset              Size                Child               

add_loop            function                                                    0                   4                   add_loop            
main                function                                                    4                   4                   main                
--------------------------------------------------------------------------------------------------------------------------------------------


============================================================================================================================================
Table Name: add_loop		 Parent Name: global
============================================================================================================================================
Name                Type                                    Initial Value       Offset              Size                Child               

a                   array(0, int)                                               0                   0                   NULL                
csum                int                                     0                   0                   4                   NULL                
i                   int                                                         4                   4                   NULL                
n                   int                                                         8                   4                   NULL                
return              int                                                         12                  4                   NULL                
t0                  int                                     0                   16                  4                   NULL                
t1                  int                                     0                   20                  4                   NULL                
t2                  int                                                         24                  4                   NULL                
t3                  int                                                         28                  4                   NULL                
t4                  int                                                         32                  4                   NULL                
t5                  int                                                         36                  4                   NULL                
--------------------------------------------------------------------------------------------------------------------------------------------


============================================================================================================================================
Table Name: main		 Parent Name: global
============================================================================================================================================
Name                Type                                    Initial Value       Offset              Size                Child               

a                   array(10, int)                                              0                   40                  NULL                
ans                 int                                                         40                  4                   NULL                
csum                int                                                         44                  4                   NULL                
main_0              block                                                       48                  4                   main_0              
main_1              block                                                       52                  4                   main_1              
main_2              block                                                       56                  4                   main_2              
n                   int                                     10                  60                  4                   NULL                
return              int                                                         64                  4                   NULL                
t11                 int                                     0                   68                  4                   NULL                
t6                  int                                     10                  72                  4                   NULL                
t7                  int                                                         76                  4                   NULL                
--------------------------------------------------------------------------------------------------------------------------------------------


============================================================================================================================================
Table Name: main_0		 Parent Name: main
============================================================================================================================================
Name                Type                                    Initial Value       Offset              Size                Child               

t8                  int                                     0                   0                   4                   NULL                
--------------------------------------------------------------------------------------------------------------------------------------------


============================================================================================================================================
Table Name: main_1		 Parent Name: main
============================================================================================================================================
Name                Type                                    Initial Value       Offset              Size                Child               

t9                  int                                                         0                   4                   NULL                
--------------------------------------------------------------------------------------------------------------------------------------------


============================================================================================================================================
Table Name: main_2		 Parent Name: main
============================================================================================================================================
Name                Type                                    Initial Value       Offset              Size                Child               

t10                 int                                     1                   0                   4                   NULL                
--------------------------------------------------------------------------------------------------------------------------------------------


1   : add_loop
2   : 	t0 = 0
3   : 	csum = t0
4   : 	t1 = 0
5   : 	i = t1
6   : 	if i < n goto 11
7   : 	goto 16
8   : 	t2 = i
9   : 	i = i + 1
10  : 	goto 6
11  : 	t3 = i * 4
12  : 	t4 = a[t3]
13  : 	t5 = csum + t4
14  : 	csum = t5
15  : 	goto 8
16  : 	return csum
17  : main
18  : 	t6 = 10
19  : 	n = t6
20  : 	param a
21  : 	param n
22  : 	t7 = call add_loop, 2
23  : 	csum = t7
24  : 	if csum == n goto 26
25  : 	goto 30
26  : main_0
27  : 	t8 = 0
28  : 	ans = t8
29  : 	goto 39
30  : 	if csum > n goto 32
31  : 	goto 36
32  : main_1
33  : 	t9 = csum - n
34  : 	ans = t9
35  : 	goto 39
36  : main_2
37  : 	t10 = 1
38  : 	ans = t10
39  : 	t11 = 0
40  : 	return t11
