============================================================================================================================================
Table Name: global		 Parent Name: None
============================================================================================================================================
Name                Type                                    Category            Initial Value       Offset              Size                Child               

charG1              char                                    global              'b'                 0                   1                   NULL                
charG2              char                                    global                                  1                   1                   NULL                
main                int                                     function                                2                   4                   main                
numG1               int                                     global              20                  6                   4                   NULL                
numG2               int                                     global                                  10                  4                   NULL                
printInt            int                                     function                                14                  4                   printInt            
printStr            int                                     function                                18                  4                   printStr            
ptrG1               ptr(int)                                global                                  22                  8                   NULL                
ptrG2               ptr(int)                                global                                  30                  8                   NULL                
readInt             int                                     function                                38                  4                   readInt             
strG1               ptr(char)                               global              "Hello World, I am a global string."42                  8                   NULL                
strG2               ptr(char)                               global                                  50                  8                   NULL                
t0                  int                                     temporary           20                  58                  4                   NULL                
t1                  char                                    temporary           'b'                 62                  1                   NULL                
t2                  ptr(char)                               temporary           "Hello World, I am a global string."63                  8                   NULL                
--------------------------------------------------------------------------------------------------------------------------------------------


============================================================================================================================================
Table Name: main		 Parent Name: global
============================================================================================================================================
Name                Type                                    Category            Initial Value       Offset              Size                Child               

charL1              char                                    local               'a'                 0                   1                   NULL                
charL2              char                                    local                                   1                   1                   NULL                
numL1               int                                     local               5                   2                   4                   NULL                
numL2               int                                     local                                   6                   4                   NULL                
ptrL1               ptr(int)                                local                                   10                  8                   NULL                
ptrL2               ptr(int)                                local                                   18                  8                   NULL                
return              int                                     local                                   26                  4                   NULL                
strL1               ptr(char)                               local               "Hello World, I am a local string."30                  8                   NULL                
strL2               ptr(char)                               local                                   38                  8                   NULL                
t10                 int                                     temporary                               46                  4                   NULL                
t100                int                                     temporary           0                   50                  4                   NULL                
t11                 ptr(char)                               temporary           "\nnumL1 = "        54                  8                   NULL                
t12                 int                                     temporary                               62                  4                   NULL                
t13                 int                                     temporary                               66                  4                   NULL                
t14                 ptr(char)                               temporary           ", charL1 (ascii value) = "70                  8                   NULL                
t15                 int                                     temporary                               78                  4                   NULL                
t16                 int                                     temporary                               82                  4                   NULL                
t17                 ptr(char)                               temporary           ", ptrL1 (adress, truncated to first 32 bits only) = "86                  8                   NULL                
t18                 int                                     temporary                               94                  4                   NULL                
t19                 int                                     temporary                               98                  4                   NULL                
t20                 ptr(char)                               temporary           ", strL1 = "        102                 8                   NULL                
t21                 int                                     temporary                               110                 4                   NULL                
t22                 int                                     temporary                               114                 4                   NULL                
t23                 ptr(int)                                temporary                               118                 8                   NULL                
t24                 ptr(char)                               temporary           "\nGlobal variables: "126                 8                   NULL                
t25                 int                                     temporary                               134                 4                   NULL                
t26                 ptr(char)                               temporary           "\nnumG1 = "        138                 8                   NULL                
t27                 int                                     temporary                               146                 4                   NULL                
t28                 int                                     temporary                               150                 4                   NULL                
t29                 ptr(char)                               temporary           ", charG1 (ascii value) = "154                 8                   NULL                
t3                  ptr(char)                               temporary           "\n#### TEST 4 (Global variables, pointers and addresses) ####"162                 8                   NULL                
t30                 int                                     temporary                               170                 4                   NULL                
t31                 int                                     temporary                               174                 4                   NULL                
t32                 ptr(char)                               temporary           ", ptrG1 (adress, truncated to first 32 bits only) = "178                 8                   NULL                
t33                 int                                     temporary                               186                 4                   NULL                
t34                 int                                     temporary                               190                 4                   NULL                
t35                 ptr(char)                               temporary           ", strG1 = "        194                 8                   NULL                
t36                 int                                     temporary                               202                 4                   NULL                
t37                 int                                     temporary                               206                 4                   NULL                
t38                 ptr(char)                               temporary           "\n"                210                 8                   NULL                
t39                 int                                     temporary                               218                 4                   NULL                
t4                  int                                     temporary                               222                 4                   NULL                
t40                 ptr(char)                               temporary           "\nAssigning locals to globals: "226                 8                   NULL                
t41                 int                                     temporary                               234                 4                   NULL                
t42                 ptr(char)                               temporary           "\nnumG2 = "        238                 8                   NULL                
t43                 int                                     temporary                               246                 4                   NULL                
t44                 int                                     temporary                               250                 4                   NULL                
t45                 ptr(char)                               temporary           ", charG2 (ascii value) = "254                 8                   NULL                
t46                 int                                     temporary                               262                 4                   NULL                
t47                 int                                     temporary                               266                 4                   NULL                
t48                 ptr(char)                               temporary           ", ptrG2 (adress, truncated to first 32 bits only) = "270                 8                   NULL                
t49                 int                                     temporary                               278                 4                   NULL                
t5                  int                                     temporary           5                   282                 4                   NULL                
t50                 int                                     temporary                               286                 4                   NULL                
t51                 ptr(char)                               temporary           ", strG2 = "        290                 8                   NULL                
t52                 int                                     temporary                               298                 4                   NULL                
t53                 int                                     temporary                               302                 4                   NULL                
t54                 ptr(char)                               temporary           "\nSUCCESS: Local variables assigned to global variables."306                 8                   NULL                
t55                 int                                     temporary                               314                 4                   NULL                
t56                 ptr(char)                               temporary           "\nFAILURE: Local variables not assigned to global variables."318                 8                   NULL                
t57                 int                                     temporary                               326                 4                   NULL                
t58                 ptr(char)                               temporary           "\n"                330                 8                   NULL                
t59                 int                                     temporary                               338                 4                   NULL                
t6                  char                                    temporary           'a'                 342                 1                   NULL                
t60                 ptr(char)                               temporary           "\nAssigning globals to locals: "343                 8                   NULL                
t61                 int                                     temporary                               351                 4                   NULL                
t62                 ptr(char)                               temporary           "\nnumL2 = "        355                 8                   NULL                
t63                 int                                     temporary                               363                 4                   NULL                
t64                 int                                     temporary                               367                 4                   NULL                
t65                 ptr(char)                               temporary           ", charL2 (ascii value) = "371                 8                   NULL                
t66                 int                                     temporary                               379                 4                   NULL                
t67                 int                                     temporary                               383                 4                   NULL                
t68                 ptr(char)                               temporary           ", ptrL2 (adress, truncated to first 32 bits only) = "387                 8                   NULL                
t69                 int                                     temporary                               395                 4                   NULL                
t7                  ptr(int)                                temporary                               399                 8                   NULL                
t70                 int                                     temporary                               407                 4                   NULL                
t71                 ptr(char)                               temporary           ", strL2 = "        411                 8                   NULL                
t72                 int                                     temporary                               419                 4                   NULL                
t73                 int                                     temporary                               423                 4                   NULL                
t74                 ptr(char)                               temporary           "\nSUCCESS: Global variables assigned to local variables."427                 8                   NULL                
t75                 int                                     temporary                               435                 4                   NULL                
t76                 ptr(char)                               temporary           "\nFAILURE: Global variables not assigned to local variables."439                 8                   NULL                
t77                 int                                     temporary                               447                 4                   NULL                
t78                 ptr(char)                               temporary           "\n"                451                 8                   NULL                
t79                 int                                     temporary                               459                 4                   NULL                
t8                  ptr(char)                               temporary           "Hello World, I am a local string."463                 8                   NULL                
t80                 ptr(char)                               temporary           "\nAssigning globals to globals: "471                 8                   NULL                
t81                 int                                     temporary                               479                 4                   NULL                
t82                 ptr(char)                               temporary           "\nnumG2 = "        483                 8                   NULL                
t83                 int                                     temporary                               491                 4                   NULL                
t84                 int                                     temporary                               495                 4                   NULL                
t85                 ptr(char)                               temporary           ", charG2 (ascii value) = "499                 8                   NULL                
t86                 int                                     temporary                               507                 4                   NULL                
t87                 int                                     temporary                               511                 4                   NULL                
t88                 ptr(char)                               temporary           ", ptrG2 (adress, truncated to first 32 bits only) = "515                 8                   NULL                
t89                 int                                     temporary                               523                 4                   NULL                
t9                  ptr(char)                               temporary           "\nLocal variables: "527                 8                   NULL                
t90                 int                                     temporary                               535                 4                   NULL                
t91                 ptr(char)                               temporary           ", strG2 = "        539                 8                   NULL                
t92                 int                                     temporary                               547                 4                   NULL                
t93                 int                                     temporary                               551                 4                   NULL                
t94                 ptr(char)                               temporary           "\nSUCCESS: Global variables assigned to global variables."555                 8                   NULL                
t95                 int                                     temporary                               563                 4                   NULL                
t96                 ptr(char)                               temporary           "\nFAILURE: Global variables not assigned to global variables."567                 8                   NULL                
t97                 int                                     temporary                               575                 4                   NULL                
t98                 ptr(char)                               temporary           "\n\n"              579                 8                   NULL                
t99                 int                                     temporary                               587                 4                   NULL                
--------------------------------------------------------------------------------------------------------------------------------------------


============================================================================================================================================
Table Name: printInt		 Parent Name: global
============================================================================================================================================
Name                Type                                    Category            Initial Value       Offset              Size                Child               

n                   int                                     parameter                               0                   4                   NULL                
return              int                                     local                                   4                   4                   NULL                
--------------------------------------------------------------------------------------------------------------------------------------------


============================================================================================================================================
Table Name: printStr		 Parent Name: global
============================================================================================================================================
Name                Type                                    Category            Initial Value       Offset              Size                Child               

return              int                                     local                                   0                   4                   NULL                
s                   ptr(char)                               parameter                               4                   8                   NULL                
--------------------------------------------------------------------------------------------------------------------------------------------


============================================================================================================================================
Table Name: readInt		 Parent Name: global
============================================================================================================================================
Name                Type                                    Category            Initial Value       Offset              Size                Child               

eP                  ptr(int)                                parameter                               0                   8                   NULL                
return              int                                     local                                   8                   4                   NULL                
--------------------------------------------------------------------------------------------------------------------------------------------


1   : 	t0 = 20
2   : 	numG1 = t0
3   : 	t1 = 'b'
4   : 	charG1 = t1
5   : 	t2 = "Hello World, I am a global string."
6   : 	strG1 = t2
7   : Function start: main
8   : 	t3 = "\n#### TEST 4 (Global variables, pointers and addresses) ####"
9   : 	param t3
10  : 	t4 = call printStr, 1
11  : 	t5 = 5
12  : 	numL1 = t5
13  : 	t6 = 'a'
14  : 	charL1 = t6
15  : 	t7 = &numL1
16  : 	ptrL1 = t7
17  : 	t8 = "Hello World, I am a local string."
18  : 	strL1 = t8
19  : 	t9 = "\nLocal variables: "
20  : 	param t9
21  : 	t10 = call printStr, 1
22  : 	t11 = "\nnumL1 = "
23  : 	param t11
24  : 	t12 = call printStr, 1
25  : 	param numL1
26  : 	t13 = call printInt, 1
27  : 	t14 = ", charL1 (ascii value) = "
28  : 	param t14
29  : 	t15 = call printStr, 1
30  : 	param charL1
31  : 	t16 = call printInt, 1
32  : 	t17 = ", ptrL1 (adress, truncated to first 32 bits only) = "
33  : 	param t17
34  : 	t18 = call printStr, 1
35  : 	param ptrL1
36  : 	t19 = call printInt, 1
37  : 	t20 = ", strL1 = "
38  : 	param t20
39  : 	t21 = call printStr, 1
40  : 	param strL1
41  : 	t22 = call printStr, 1
42  : 	t23 = &numG1
43  : 	ptrG1 = t23
44  : 	t24 = "\nGlobal variables: "
45  : 	param t24
46  : 	t25 = call printStr, 1
47  : 	t26 = "\nnumG1 = "
48  : 	param t26
49  : 	t27 = call printStr, 1
50  : 	param numG1
51  : 	t28 = call printInt, 1
52  : 	t29 = ", charG1 (ascii value) = "
53  : 	param t29
54  : 	t30 = call printStr, 1
55  : 	param charG1
56  : 	t31 = call printInt, 1
57  : 	t32 = ", ptrG1 (adress, truncated to first 32 bits only) = "
58  : 	param t32
59  : 	t33 = call printStr, 1
60  : 	param ptrG1
61  : 	t34 = call printInt, 1
62  : 	t35 = ", strG1 = "
63  : 	param t35
64  : 	t36 = call printStr, 1
65  : 	param strG1
66  : 	t37 = call printStr, 1
67  : 	t38 = "\n"
68  : 	param t38
69  : 	t39 = call printStr, 1
70  : 	t40 = "\nAssigning locals to globals: "
71  : 	param t40
72  : 	t41 = call printStr, 1
73  : 	numG2 = numL1
74  : 	charG2 = charL1
75  : 	ptrG2 = ptrL1
76  : 	strG2 = strL1
77  : 	t42 = "\nnumG2 = "
78  : 	param t42
79  : 	t43 = call printStr, 1
80  : 	param numG2
81  : 	t44 = call printInt, 1
82  : 	t45 = ", charG2 (ascii value) = "
83  : 	param t45
84  : 	t46 = call printStr, 1
85  : 	param charG2
86  : 	t47 = call printInt, 1
87  : 	t48 = ", ptrG2 (adress, truncated to first 32 bits only) = "
88  : 	param t48
89  : 	t49 = call printStr, 1
90  : 	param ptrG2
91  : 	t50 = call printInt, 1
92  : 	t51 = ", strG2 = "
93  : 	param t51
94  : 	t52 = call printStr, 1
95  : 	param strG2
96  : 	t53 = call printStr, 1
97  : 	if numG2 == numL1 goto 99
98  : 	goto 109
99  : 	if charG2 == charL1 goto 101
100 : 	goto 109
101 : 	if ptrG2 == ptrL1 goto 103
102 : 	goto 109
103 : 	if strG2 == strL1 goto 105
104 : 	goto 109
105 : 	t54 = "\nSUCCESS: Local variables assigned to global variables."
106 : 	param t54
107 : 	t55 = call printStr, 1
108 : 	goto 112
109 : 	t56 = "\nFAILURE: Local variables not assigned to global variables."
110 : 	param t56
111 : 	t57 = call printStr, 1
112 : 	t58 = "\n"
113 : 	param t58
114 : 	t59 = call printStr, 1
115 : 	t60 = "\nAssigning globals to locals: "
116 : 	param t60
117 : 	t61 = call printStr, 1
118 : 	numL2 = numG1
119 : 	charL2 = charG1
120 : 	ptrL2 = ptrG1
121 : 	strL2 = strG1
122 : 	t62 = "\nnumL2 = "
123 : 	param t62
124 : 	t63 = call printStr, 1
125 : 	param numL2
126 : 	t64 = call printInt, 1
127 : 	t65 = ", charL2 (ascii value) = "
128 : 	param t65
129 : 	t66 = call printStr, 1
130 : 	param charL2
131 : 	t67 = call printInt, 1
132 : 	t68 = ", ptrL2 (adress, truncated to first 32 bits only) = "
133 : 	param t68
134 : 	t69 = call printStr, 1
135 : 	param ptrL2
136 : 	t70 = call printInt, 1
137 : 	t71 = ", strL2 = "
138 : 	param t71
139 : 	t72 = call printStr, 1
140 : 	param strL2
141 : 	t73 = call printStr, 1
142 : 	if numL2 == numG1 goto 144
143 : 	goto 154
144 : 	if charL2 == charG1 goto 146
145 : 	goto 154
146 : 	if ptrL2 == ptrG1 goto 148
147 : 	goto 154
148 : 	if strL2 == strG1 goto 150
149 : 	goto 154
150 : 	t74 = "\nSUCCESS: Global variables assigned to local variables."
151 : 	param t74
152 : 	t75 = call printStr, 1
153 : 	goto 157
154 : 	t76 = "\nFAILURE: Global variables not assigned to local variables."
155 : 	param t76
156 : 	t77 = call printStr, 1
157 : 	t78 = "\n"
158 : 	param t78
159 : 	t79 = call printStr, 1
160 : 	t80 = "\nAssigning globals to globals: "
161 : 	param t80
162 : 	t81 = call printStr, 1
163 : 	numG2 = numG1
164 : 	charG2 = charG1
165 : 	ptrG2 = ptrG1
166 : 	strG2 = strG1
167 : 	t82 = "\nnumG2 = "
168 : 	param t82
169 : 	t83 = call printStr, 1
170 : 	param numG2
171 : 	t84 = call printInt, 1
172 : 	t85 = ", charG2 (ascii value) = "
173 : 	param t85
174 : 	t86 = call printStr, 1
175 : 	param charG2
176 : 	t87 = call printInt, 1
177 : 	t88 = ", ptrG2 (adress, truncated to first 32 bits only) = "
178 : 	param t88
179 : 	t89 = call printStr, 1
180 : 	param ptrG2
181 : 	t90 = call printInt, 1
182 : 	t91 = ", strG2 = "
183 : 	param t91
184 : 	t92 = call printStr, 1
185 : 	param strG2
186 : 	t93 = call printStr, 1
187 : 	if numG2 == numG1 goto 189
188 : 	goto 199
189 : 	if charG2 == charG1 goto 191
190 : 	goto 199
191 : 	if ptrG2 == ptrG1 goto 193
192 : 	goto 199
193 : 	if strG2 == strG1 goto 195
194 : 	goto 199
195 : 	t94 = "\nSUCCESS: Global variables assigned to global variables."
196 : 	param t94
197 : 	t95 = call printStr, 1
198 : 	goto 202
199 : 	t96 = "\nFAILURE: Global variables not assigned to global variables."
200 : 	param t96
201 : 	t97 = call printStr, 1
202 : 	t98 = "\n\n"
203 : 	param t98
204 : 	t99 = call printStr, 1
205 : 	t100 = 0
206 : 	return t100
207 : Function end: main
